e:\gitee\qt-cost\costmanagement\x64\debug\costmanagement.obj
e:\gitee\qt-cost\costmanagement\x64\debug\main.obj
e:\gitee\qt-cost\costmanagement\x64\debug\vc140.pdb
e:\gitee\qt-cost\costmanagement\x64\debug\moc_costmanagement.obj
e:\gitee\qt-cost\costmanagement\x64\debug\qrc_costmanagement.obj
e:\gitee\qt-cost\costmanagement\x64\debug\uic\ui_costmanagement.h
e:\gitee\qt-cost\costmanagement\x64\debug\rcc\qrc_costmanagement.cpp
e:\gitee\qt-cost\costmanagement\x64\debug\moc\moc_costmanagement.cpp
e:\gitee\qt-cost\x64\debug\costmanagement.ilk
e:\gitee\qt-cost\x64\debug\costmanagement.exe
e:\gitee\qt-cost\x64\debug\costmanagement.pdb
e:\gitee\qt-cost\costmanagement\x64\debug\costmanagement.res
e:\gitee\qt-cost\costmanagement\x64\debug\costmanagement.tlog\cl.command.1.tlog
e:\gitee\qt-cost\costmanagement\x64\debug\costmanagement.tlog\cl.read.1.tlog
e:\gitee\qt-cost\costmanagement\x64\debug\costmanagement.tlog\cl.write.1.tlog
e:\gitee\qt-cost\costmanagement\x64\debug\costmanagement.tlog\costmanagement.write.1u.tlog
e:\gitee\qt-cost\costmanagement\x64\debug\costmanagement.tlog\link.command.1.tlog
e:\gitee\qt-cost\costmanagement\x64\debug\costmanagement.tlog\link.read.1.tlog
e:\gitee\qt-cost\costmanagement\x64\debug\costmanagement.tlog\link.write.1.tlog
e:\gitee\qt-cost\costmanagement\x64\debug\costmanagement.tlog\moc.read.1u.tlog
e:\gitee\qt-cost\costmanagement\x64\debug\costmanagement.tlog\moc.write.1u.tlog
e:\gitee\qt-cost\costmanagement\x64\debug\costmanagement.tlog\rc.command.1.tlog
e:\gitee\qt-cost\costmanagement\x64\debug\costmanagement.tlog\rc.read.1.tlog
e:\gitee\qt-cost\costmanagement\x64\debug\costmanagement.tlog\rc.write.1.tlog
e:\gitee\qt-cost\costmanagement\x64\debug\costmanagement.tlog\rcc.read.1u.tlog
e:\gitee\qt-cost\costmanagement\x64\debug\costmanagement.tlog\rcc.write.1u.tlog
e:\gitee\qt-cost\costmanagement\x64\debug\costmanagement.tlog\uic.read.1u.tlog
e:\gitee\qt-cost\costmanagement\x64\debug\costmanagement.tlog\uic.write.1u.tlog
