  CostMangement.cpp
  CostMangement.vcxproj -> E:\Qt\CostMangement\x64\Release\CostMangement.exe
  metro\AppTest150.png
  metro\AppTest44.png
  metro\IcoCacheReset.txt
  复制了 3 个文件
  platforms\qdirect2d.dll
  platforms\qdirect2dd.dll
  platforms\qminimal.dll
  platforms\qminimald.dll
  platforms\qoffscreen.dll
  platforms\qoffscreend.dll
  platforms\qwindows.dll
  platforms\qwindowsd.dll
  复制了 8 个文件
  qss\MaterialDark.qss
  复制了 1 个文件
  resource\CostMangement.ico
  resource\CostMangement.png
  resource\EatFilter.json
  复制了 3 个文件
  qt5dll\Qt5Core.dll
  qt5dll\Qt5Cored.dll
  qt5dll\Qt5Gui.dll
  qt5dll\Qt5Guid.dll
  qt5dll\Qt5Widgets.dll
  qt5dll\Qt5Widgetsd.dll
  复制了 6 个文件
  E:CostMangement.VisualElementsManifest.xml
  复制了 1 个文件
